<?xml version="1.0" encoding="UTF-8"?>
<!-- Generated by org.testng.reporters.JUnitReportReporter -->
<testsuite hostname="Sumith-KV" name="seleniumTestNgInterview.ReadingDataFromExcel" tests="11" failures="0" timestamp="29 Mar 2017 14:11:15 GMT" time="0.031" errors="0">
  <testcase name="TestMethod" time="0.000" classname="seleniumTestNgInterview.ReadingDataFromExcel"/>
  <testcase name="TestMethod" time="0.000" classname="seleniumTestNgInterview.ReadingDataFromExcel"/>
  <testcase name="TestMethod" time="0.000" classname="seleniumTestNgInterview.ReadingDataFromExcel"/>
  <testcase name="TestMethod" time="0.000" classname="seleniumTestNgInterview.ReadingDataFromExcel"/>
  <testcase name="TestMethod" time="0.015" classname="seleniumTestNgInterview.ReadingDataFromExcel"/>
  <testcase name="TestMethod" time="0.000" classname="seleniumTestNgInterview.ReadingDataFromExcel"/>
  <testcase name="TestMethod" time="0.000" classname="seleniumTestNgInterview.ReadingDataFromExcel"/>
  <testcase name="TestMethod" time="0.000" classname="seleniumTestNgInterview.ReadingDataFromExcel"/>
  <testcase name="TestMethod" time="0.000" classname="seleniumTestNgInterview.ReadingDataFromExcel"/>
  <testcase name="TestMethod" time="0.000" classname="seleniumTestNgInterview.ReadingDataFromExcel"/>
  <testcase name="TestMethod" time="0.016" classname="seleniumTestNgInterview.ReadingDataFromExcel"/>
</testsuite> <!-- seleniumTestNgInterview.ReadingDataFromExcel -->
