<?xml version="1.0" encoding="UTF-8"?>
<!-- Generated by org.testng.reporters.JUnitReportReporter -->
<testsuite hostname="INENVEETTSL2C" name="com.sumith.testClasses.UnSuccessfulLogin" tests="1" failures="0" timestamp="28 Aug 2014 07:19:15 GMT" time="21.328" errors="0">
  <testcase name="secondTest" time="21.328" classname="com.sumith.testClasses.UnSuccessfulLogin"/>
</testsuite> <!-- com.sumith.testClasses.UnSuccessfulLogin -->
