<?xml version="1.0" encoding="UTF-8"?>
<!-- Generated by org.testng.reporters.JUnitReportReporter -->
<testsuite hostname="INENVEETTSL2C" name="com.sumith.testClasses.SuccessfulLogin" tests="1" failures="0" timestamp="28 Aug 2014 07:19:15 GMT" time="22.350" errors="0">
  <testcase name="firstTest" time="22.350" classname="com.sumith.testClasses.SuccessfulLogin"/>
</testsuite> <!-- com.sumith.testClasses.SuccessfulLogin -->
