<?xml version="1.0" encoding="UTF-8"?>
<!-- Generated by org.testng.reporters.JUnitReportReporter -->
<testsuite skipped="0" hostname="Sraavan-Sumith" name="seleniumTestNGinterview.LoadAndPerformanceTesting" tests="20" failures="0" timestamp="8 Aug 2017 06:50:44 GMT" time="554.070" errors="0">
  <testcase name="loadTest" time="21.674" classname="seleniumTestNGinterview.LoadAndPerformanceTesting"/>
  <testcase name="loadTest" time="45.634" classname="seleniumTestNGinterview.LoadAndPerformanceTesting"/>
  <testcase name="loadTest" time="43.113" classname="seleniumTestNGinterview.LoadAndPerformanceTesting"/>
  <testcase name="loadTest" time="44.669" classname="seleniumTestNGinterview.LoadAndPerformanceTesting"/>
  <testcase name="loadTest" time="23.254" classname="seleniumTestNGinterview.LoadAndPerformanceTesting"/>
  <testcase name="loadTest" time="24.772" classname="seleniumTestNGinterview.LoadAndPerformanceTesting"/>
  <testcase name="loadTest" time="20.056" classname="seleniumTestNGinterview.LoadAndPerformanceTesting"/>
  <testcase name="loadTest" time="19.503" classname="seleniumTestNGinterview.LoadAndPerformanceTesting"/>
  <testcase name="loadTest" time="26.175" classname="seleniumTestNGinterview.LoadAndPerformanceTesting"/>
  <testcase name="loadTest" time="24.361" classname="seleniumTestNGinterview.LoadAndPerformanceTesting"/>
  <testcase name="loadTest" time="22.077" classname="seleniumTestNGinterview.LoadAndPerformanceTesting"/>
  <testcase name="loadTest" time="44.637" classname="seleniumTestNGinterview.LoadAndPerformanceTesting"/>
  <testcase name="loadTest" time="18.537" classname="seleniumTestNGinterview.LoadAndPerformanceTesting"/>
  <testcase name="loadTest" time="20.453" classname="seleniumTestNGinterview.LoadAndPerformanceTesting"/>
  <testcase name="loadTest" time="43.113" classname="seleniumTestNGinterview.LoadAndPerformanceTesting"/>
  <testcase name="loadTest" time="21.953" classname="seleniumTestNGinterview.LoadAndPerformanceTesting"/>
  <testcase name="loadTest" time="21.112" classname="seleniumTestNGinterview.LoadAndPerformanceTesting"/>
  <testcase name="loadTest" time="24.002" classname="seleniumTestNGinterview.LoadAndPerformanceTesting"/>
  <testcase name="loadTest" time="23.348" classname="seleniumTestNGinterview.LoadAndPerformanceTesting"/>
  <testcase name="loadTest" time="21.627" classname="seleniumTestNGinterview.LoadAndPerformanceTesting"/>
</testsuite> <!-- seleniumTestNGinterview.LoadAndPerformanceTesting -->
