<?xml version="1.0" encoding="UTF-8"?>
<!-- Generated by org.testng.reporters.JUnitReportReporter -->
<testsuite hostname="Sumith-KV" name="seleniumTestNgInterview.ReadingDataFromCSV" tests="5" failures="0" timestamp="12 Aug 2015 16:03:26 GMT" time="0.011" errors="0">
  <testcase name="testMethod" time="0.000" classname="seleniumTestNgInterview.ReadingDataFromCSV"/>
  <testcase name="testMethod" time="0.007" classname="seleniumTestNgInterview.ReadingDataFromCSV"/>
  <testcase name="testMethod" time="0.002" classname="seleniumTestNgInterview.ReadingDataFromCSV"/>
  <testcase name="testMethod" time="0.001" classname="seleniumTestNgInterview.ReadingDataFromCSV"/>
  <testcase name="testMethod" time="0.001" classname="seleniumTestNgInterview.ReadingDataFromCSV"/>
</testsuite> <!-- seleniumTestNgInterview.ReadingDataFromCSV -->
